# JRE version: OpenJDK Runtime Environment Temurin-21.0.3+9 (21.0.3+9) (build 21.0.3+9-LTS)
# Java VM: OpenJDK 64-Bit Server VM Temurin-21.0.3+9 (21.0.3+9-LTS, mixed mode, emulated-client, tiered, compressed oops, compressed class ptrs, g1 gc, windows-amd64)
GC Precious Log:
 CardTable entry size: 512
 Card Set container configuration: InlinePtr #cards 5 size 8 Array Of Cards #cards 12 size 40 Howl #buckets 4 coarsen threshold 1843 Howl Bitmap #cards 512 size 80 coarsen threshold 460 Card regions per heap region 1 cards per card region 2048
 CPUs: 4 total, 4 available
 Memory: 12128M
 Large Page Support: Disabled
 NUMA Support: Disabled
 Compressed Oops: Enabled (32-bit)
 Heap Region Size: 1M
 Heap Min Capacity: 8M
 Heap Initial Capacity: 190M
 Heap Max Capacity: 1G
 Pre-touch: Disabled
 Parallel Workers: 4
 Concurrent Workers: 1
 Concurrent Refinement Workers: 4
 Periodic GC: Disabled
Heap:
 garbage-first heap   total 75776K, used 56402K [0x00000000c0000000, 0x0000000100000000)
  region size 1024K, 34 young (34816K), 5 survivors (5120K)
 Metaspace       used 40890K, committed 41536K, reserved 1114112K
  class space    used 5011K, committed 5312K, reserved 1048576K
GC Heap History (14 events):
Event: 1.891 GC heap before
{Heap before GC invocations=0 (full 0):
 garbage-first heap   total 194560K, used 16384K [0x00000000c0000000, 0x0000000100000000)
  region size 1024K, 13 young (13312K), 0 survivors (0K)
 Metaspace       used 5476K, committed 5568K, reserved 1114112K
  class space    used 454K, committed 512K, reserved 1048576K
}
Event: 1.913 GC heap after
{Heap after GC invocations=1 (full 0):
 garbage-first heap   total 194560K, used 11632K [0x00000000c0000000, 0x0000000100000000)
  region size 1024K, 2 young (2048K), 2 survivors (2048K)
 Metaspace       used 5476K, committed 5568K, reserved 1114112K
  class space    used 454K, committed 512K, reserved 1048576K
}
Event: 3.300 GC heap before
{Heap before GC invocations=1 (full 0):
 garbage-first heap   total 194560K, used 21872K [0x00000000c0000000, 0x0000000100000000)
  region size 1024K, 11 young (11264K), 2 survivors (2048K)
 Metaspace       used 9320K, committed 9472K, reserved 1114112K
  class space    used 869K, committed 960K, reserved 1048576K
}
Event: 3.306 GC heap after
{Heap after GC invocations=2 (full 0):
 garbage-first heap   total 194560K, used 15794K [0x00000000c0000000, 0x0000000100000000)
  region size 1024K, 2 young (2048K), 2 survivors (2048K)
 Metaspace       used 9320K, committed 9472K, reserved 1114112K
  class space    used 869K, committed 960K, reserved 1048576K
}
Event: 5.751 GC heap before
{Heap before GC invocations=2 (full 0):
 garbage-first heap   total 194560K, used 35250K [0x00000000c0000000, 0x0000000100000000)
  region size 1024K, 21 young (21504K), 2 survivors (2048K)
 Metaspace       used 14919K, committed 15104K, reserved 1114112K
  class space    used 1647K, committed 1728K, reserved 1048576K
}
Event: 5.759 GC heap after
{Heap after GC invocations=3 (full 0):
 garbage-first heap   total 194560K, used 17592K [0x00000000c0000000, 0x0000000100000000)
  region size 1024K, 2 young (2048K), 2 survivors (2048K)
 Metaspace       used 14919K, committed 15104K, reserved 1114112K
  class space    used 1647K, committed 1728K, reserved 1048576K
}
Event: 7.927 GC heap before
{Heap before GC invocations=3 (full 0):
 garbage-first heap   total 194560K, used 43192K [0x00000000c0000000, 0x0000000100000000)
  region size 1024K, 29 young (29696K), 2 survivors (2048K)
 Metaspace       used 21237K, committed 21504K, reserved 1114112K
  class space    used 2396K, committed 2560K, reserved 1048576K
}
Event: 7.936 GC heap after
{Heap after GC invocations=4 (full 0):
 garbage-first heap   total 194560K, used 20053K [0x00000000c0000000, 0x0000000100000000)
  region size 1024K, 4 young (4096K), 4 survivors (4096K)
 Metaspace       used 21237K, committed 21504K, reserved 1114112K
  class space    used 2396K, committed 2560K, reserved 1048576K
}
Event: 10.026 GC heap before
{Heap before GC invocations=5 (full 0):
 garbage-first heap   total 75776K, used 59989K [0x00000000c0000000, 0x0000000100000000)
  region size 1024K, 44 young (45056K), 4 survivors (4096K)
 Metaspace       used 30452K, committed 30720K, reserved 1114112K
  class space    used 3516K, committed 3648K, reserved 1048576K
}
Event: 10.048 GC heap after
{Heap after GC invocations=6 (full 0):
 garbage-first heap   total 75776K, used 23422K [0x00000000c0000000, 0x0000000100000000)
  region size 1024K, 6 young (6144K), 6 survivors (6144K)
 Metaspace       used 30452K, committed 30720K, reserved 1114112K
  class space    used 3516K, committed 3648K, reserved 1048576K
}
Event: 15.158 GC heap before
{Heap before GC invocations=6 (full 0):
 garbage-first heap   total 75776K, used 57214K [0x00000000c0000000, 0x0000000100000000)
  region size 1024K, 39 young (39936K), 6 survivors (6144K)
 Metaspace       used 35407K, committed 35904K, reserved 1114112K
  class space    used 4187K, committed 4416K, reserved 1048576K
}
Event: 15.193 GC heap after
{Heap after GC invocations=7 (full 0):
 garbage-first heap   total 75776K, used 26368K [0x00000000c0000000, 0x0000000100000000)
  region size 1024K, 3 young (3072K), 3 survivors (3072K)
 Metaspace       used 35407K, committed 35904K, reserved 1114112K
  class space    used 4187K, committed 4416K, reserved 1048576K
}
Event: 17.259 GC heap before
{Heap before GC invocations=7 (full 0):
 garbage-first heap   total 75776K, used 32512K [0x00000000c0000000, 0x0000000100000000)
  region size 1024K, 11 young (11264K), 3 survivors (3072K)
 Metaspace       used 35687K, committed 36096K, reserved 1114112K
  class space    used 4227K, committed 4416K, reserved 1048576K
}
Event: 17.286 GC heap after
{Heap after GC invocations=8 (full 0):
 garbage-first heap   total 75776K, used 27730K [0x00000000c0000000, 0x0000000100000000)
  region size 1024K, 5 young (5120K), 5 survivors (5120K)
 Metaspace       used 35687K, committed 36096K, reserved 1114112K
  class space    used 4227K, committed 4416K, reserved 1048576K
}

