# JRE version: OpenJDK Runtime Environment Temurin-21.0.3+9 (21.0.3+9) (build 21.0.3+9-LTS)
# Java VM: OpenJDK 64-Bit Server VM Temurin-21.0.3+9 (21.0.3+9-LTS, mixed mode, emulated-client, tiered, compressed oops, compressed class ptrs, g1 gc, windows-amd64)
GC Precious Log:
 CardTable entry size: 512
 Card Set container configuration: InlinePtr #cards 5 size 8 Array Of Cards #cards 12 size 40 Howl #buckets 4 coarsen threshold 1843 Howl Bitmap #cards 512 size 80 coarsen threshold 460 Card regions per heap region 1 cards per card region 2048
 CPUs: 4 total, 4 available
 Memory: 12128M
 Large Page Support: Disabled
 NUMA Support: Disabled
 Compressed Oops: Enabled (32-bit)
 Heap Region Size: 1M
 Heap Min Capacity: 8M
 Heap Initial Capacity: 190M
 Heap Max Capacity: 1G
 Pre-touch: Disabled
 Parallel Workers: 4
 Concurrent Workers: 1
 Concurrent Refinement Workers: 4
 Periodic GC: Disabled
Heap:
 garbage-first heap   total 91136K, used 78087K [0x00000000c0000000, 0x0000000100000000)
  region size 1024K, 47 young (48128K), 6 survivors (6144K)
 Metaspace       used 53456K, committed 54144K, reserved 1114112K
  class space    used 6390K, committed 6720K, reserved 1048576K
GC Heap History (19 events):
Event: 2.293 GC heap before
{Heap before GC invocations=0 (full 0):
 garbage-first heap   total 194560K, used 16384K [0x00000000c0000000, 0x0000000100000000)
  region size 1024K, 13 young (13312K), 0 survivors (0K)
 Metaspace       used 5526K, committed 5632K, reserved 1114112K
  class space    used 460K, committed 512K, reserved 1048576K
}
Event: 2.309 GC heap after
{Heap after GC invocations=1 (full 0):
 garbage-first heap   total 194560K, used 11840K [0x00000000c0000000, 0x0000000100000000)
  region size 1024K, 2 young (2048K), 2 survivors (2048K)
 Metaspace       used 5526K, committed 5632K, reserved 1114112K
  class space    used 460K, committed 512K, reserved 1048576K
}
Event: 3.544 GC heap before
{Heap before GC invocations=1 (full 0):
 garbage-first heap   total 194560K, used 22080K [0x00000000c0000000, 0x0000000100000000)
  region size 1024K, 11 young (11264K), 2 survivors (2048K)
 Metaspace       used 9366K, committed 9600K, reserved 1114112K
  class space    used 877K, committed 1024K, reserved 1048576K
}
Event: 3.549 GC heap after
{Heap after GC invocations=2 (full 0):
 garbage-first heap   total 194560K, used 15990K [0x00000000c0000000, 0x0000000100000000)
  region size 1024K, 2 young (2048K), 2 survivors (2048K)
 Metaspace       used 9366K, committed 9600K, reserved 1114112K
  class space    used 877K, committed 1024K, reserved 1048576K
}
Event: 5.568 GC heap before
{Heap before GC invocations=2 (full 0):
 garbage-first heap   total 194560K, used 35446K [0x00000000c0000000, 0x0000000100000000)
  region size 1024K, 21 young (21504K), 2 survivors (2048K)
 Metaspace       used 14975K, committed 15168K, reserved 1114112K
  class space    used 1655K, committed 1728K, reserved 1048576K
}
Event: 5.580 GC heap after
{Heap after GC invocations=3 (full 0):
 garbage-first heap   total 194560K, used 17504K [0x00000000c0000000, 0x0000000100000000)
  region size 1024K, 2 young (2048K), 2 survivors (2048K)
 Metaspace       used 14975K, committed 15168K, reserved 1114112K
  class space    used 1655K, committed 1728K, reserved 1048576K
}
Event: 6.919 GC heap before
{Heap before GC invocations=3 (full 0):
 garbage-first heap   total 194560K, used 43104K [0x00000000c0000000, 0x0000000100000000)
  region size 1024K, 29 young (29696K), 2 survivors (2048K)
 Metaspace       used 21236K, committed 21504K, reserved 1114112K
  class space    used 2394K, committed 2560K, reserved 1048576K
}
Event: 6.929 GC heap after
{Heap after GC invocations=4 (full 0):
 garbage-first heap   total 194560K, used 20014K [0x00000000c0000000, 0x0000000100000000)
  region size 1024K, 4 young (4096K), 4 survivors (4096K)
 Metaspace       used 21236K, committed 21504K, reserved 1114112K
  class space    used 2394K, committed 2560K, reserved 1048576K
}
Event: 7.860 GC heap before
{Heap before GC invocations=5 (full 0):
 garbage-first heap   total 75776K, used 59950K [0x00000000c0000000, 0x0000000100000000)
  region size 1024K, 44 young (45056K), 4 survivors (4096K)
 Metaspace       used 30349K, committed 30656K, reserved 1114112K
  class space    used 3501K, committed 3584K, reserved 1048576K
}
Event: 7.880 GC heap after
{Heap after GC invocations=6 (full 0):
 garbage-first heap   total 75776K, used 23590K [0x00000000c0000000, 0x0000000100000000)
  region size 1024K, 6 young (6144K), 6 survivors (6144K)
 Metaspace       used 30349K, committed 30656K, reserved 1114112K
  class space    used 3501K, committed 3584K, reserved 1048576K
}
Event: 9.069 GC heap before
{Heap before GC invocations=6 (full 0):
 garbage-first heap   total 75776K, used 56358K [0x00000000c0000000, 0x0000000100000000)
  region size 1024K, 38 young (38912K), 6 survivors (6144K)
 Metaspace       used 34912K, committed 35392K, reserved 1114112K
  class space    used 4108K, committed 4352K, reserved 1048576K
}
Event: 9.101 GC heap after
{Heap after GC invocations=7 (full 0):
 garbage-first heap   total 75776K, used 26290K [0x00000000c0000000, 0x0000000100000000)
  region size 1024K, 3 young (3072K), 3 survivors (3072K)
 Metaspace       used 34912K, committed 35392K, reserved 1114112K
  class space    used 4108K, committed 4352K, reserved 1048576K
}
Event: 9.373 GC heap before
{Heap before GC invocations=7 (full 0):
 garbage-first heap   total 75776K, used 35506K [0x00000000c0000000, 0x0000000100000000)
  region size 1024K, 13 young (13312K), 3 survivors (3072K)
 Metaspace       used 35725K, committed 36160K, reserved 1114112K
  class space    used 4230K, committed 4416K, reserved 1048576K
}
Event: 9.386 GC heap after
{Heap after GC invocations=8 (full 0):
 garbage-first heap   total 75776K, used 27355K [0x00000000c0000000, 0x0000000100000000)
  region size 1024K, 4 young (4096K), 4 survivors (4096K)
 Metaspace       used 35725K, committed 36160K, reserved 1114112K
  class space    used 4230K, committed 4416K, reserved 1048576K
}
Event: 11.272 GC heap before
{Heap before GC invocations=9 (full 0):
 garbage-first heap   total 75776K, used 62171K [0x00000000c0000000, 0x0000000100000000)
  region size 1024K, 38 young (38912K), 4 survivors (4096K)
 Metaspace       used 41672K, committed 42304K, reserved 1114112K
  class space    used 5130K, committed 5440K, reserved 1048576K
}
Event: 11.297 GC heap after
{Heap after GC invocations=10 (full 0):
 garbage-first heap   total 75776K, used 30601K [0x00000000c0000000, 0x0000000100000000)
  region size 1024K, 5 young (5120K), 5 survivors (5120K)
 Metaspace       used 41672K, committed 42304K, reserved 1114112K
  class space    used 5130K, committed 5440K, reserved 1048576K
}
Event: 12.903 GC heap before
{Heap before GC invocations=10 (full 0):
 garbage-first heap   total 75776K, used 63369K [0x00000000c0000000, 0x0000000100000000)
  region size 1024K, 37 young (37888K), 5 survivors (5120K)
 Metaspace       used 45908K, committed 46592K, reserved 1114112K
  class space    used 5637K, committed 5952K, reserved 1048576K
}
Event: 12.922 GC heap after
{Heap after GC invocations=11 (full 0):
 garbage-first heap   total 91136K, used 35106K [0x00000000c0000000, 0x0000000100000000)
  region size 1024K, 5 young (5120K), 5 survivors (5120K)
 Metaspace       used 45908K, committed 46592K, reserved 1114112K
  class space    used 5637K, committed 5952K, reserved 1048576K
}
Event: 14.805 GC heap before
{Heap before GC invocations=11 (full 0):
 garbage-first heap   total 91136K, used 77090K [0x00000000c0000000, 0x0000000100000000)
  region size 1024K, 46 young (47104K), 5 survivors (5120K)
 Metaspace       used 53456K, committed 54144K, reserved 1114112K
  class space    used 6390K, committed 6720K, reserved 1048576K
}

