# JRE version: OpenJDK Runtime Environment Temurin-21.0.3+9 (21.0.3+9) (build 21.0.3+9-LTS)
# Java VM: OpenJDK 64-Bit Server VM Temurin-21.0.3+9 (21.0.3+9-LTS, mixed mode, emulated-client, tiered, compressed oops, compressed class ptrs, g1 gc, windows-amd64)
GC Precious Log:
 CardTable entry size: 512
 Card Set container configuration: InlinePtr #cards 5 size 8 Array Of Cards #cards 12 size 40 Howl #buckets 4 coarsen threshold 1843 Howl Bitmap #cards 512 size 80 coarsen threshold 460 Card regions per heap region 1 cards per card region 2048
 CPUs: 4 total, 4 available
 Memory: 12128M
 Large Page Support: Disabled
 NUMA Support: Disabled
 Compressed Oops: Enabled (32-bit)
 Heap Region Size: 1M
 Heap Min Capacity: 8M
 Heap Initial Capacity: 190M
 Heap Max Capacity: 1G
 Pre-touch: Disabled
 Parallel Workers: 4
 Concurrent Workers: 1
 Concurrent Refinement Workers: 4
 Periodic GC: Disabled
Heap:
 garbage-first heap   total 104448K, used 89015K [0x00000000c0000000, 0x0000000100000000)
  region size 1024K, 39 young (39936K), 5 survivors (5120K)
 Metaspace       used 64267K, committed 65152K, reserved 1114112K
  class space    used 7618K, committed 8000K, reserved 1048576K
GC Heap History (20 events):
Event: 8.842 GC heap after
{Heap after GC invocations=12 (full 0):
 garbage-first heap   total 78848K, used 37604K [0x00000000c0000000, 0x0000000100000000)
  region size 1024K, 4 young (4096K), 4 survivors (4096K)
 Metaspace       used 51466K, committed 52160K, reserved 1114112K
  class space    used 6209K, committed 6528K, reserved 1048576K
}
Event: 9.499 GC heap before
{Heap before GC invocations=12 (full 0):
 garbage-first heap   total 78848K, used 67300K [0x00000000c0000000, 0x0000000100000000)
  region size 1024K, 33 young (33792K), 4 survivors (4096K)
 Metaspace       used 55742K, committed 56512K, reserved 1114112K
  class space    used 6629K, committed 6976K, reserved 1048576K
}
Event: 9.509 GC heap after
{Heap after GC invocations=13 (full 0):
 garbage-first heap   total 95232K, used 43767K [0x00000000c0000000, 0x0000000100000000)
  region size 1024K, 5 young (5120K), 5 survivors (5120K)
 Metaspace       used 55742K, committed 56512K, reserved 1114112K
  class space    used 6629K, committed 6976K, reserved 1048576K
}
Event: 10.114 GC heap before
{Heap before GC invocations=13 (full 0):
 garbage-first heap   total 95232K, used 65271K [0x00000000c0000000, 0x0000000100000000)
  region size 1024K, 25 young (25600K), 5 survivors (5120K)
 Metaspace       used 58510K, committed 59264K, reserved 1114112K
  class space    used 6915K, committed 7232K, reserved 1048576K
}
Event: 10.124 GC heap after
{Heap after GC invocations=14 (full 0):
 garbage-first heap   total 95232K, used 48128K [0x00000000c0000000, 0x0000000100000000)
  region size 1024K, 2 young (2048K), 2 survivors (2048K)
 Metaspace       used 58510K, committed 59264K, reserved 1114112K
  class space    used 6915K, committed 7232K, reserved 1048576K
}
Event: 26.058 GC heap before
{Heap before GC invocations=15 (full 0):
 garbage-first heap   total 97280K, used 86016K [0x00000000c0000000, 0x0000000100000000)
  region size 1024K, 34 young (34816K), 2 survivors (2048K)
 Metaspace       used 63246K, committed 64000K, reserved 1114112K
  class space    used 7485K, committed 7808K, reserved 1048576K
}
Event: 26.073 GC heap after
{Heap after GC invocations=16 (full 0):
 garbage-first heap   total 97280K, used 47851K [0x00000000c0000000, 0x0000000100000000)
  region size 1024K, 4 young (4096K), 4 survivors (4096K)
 Metaspace       used 63246K, committed 64000K, reserved 1114112K
  class space    used 7485K, committed 7808K, reserved 1048576K
}
Event: 78.983 GC heap before
{Heap before GC invocations=16 (full 0):
 garbage-first heap   total 97280K, used 51947K [0x00000000c0000000, 0x0000000100000000)
  region size 1024K, 9 young (9216K), 4 survivors (4096K)
 Metaspace       used 63729K, committed 64512K, reserved 1114112K
  class space    used 7566K, committed 7936K, reserved 1048576K
}
Event: 79.072 GC heap after
{Heap after GC invocations=17 (full 1):
 garbage-first heap   total 97280K, used 37393K [0x00000000c0000000, 0x0000000100000000)
  region size 1024K, 0 young (0K), 0 survivors (0K)
 Metaspace       used 63729K, committed 64512K, reserved 1114112K
  class space    used 7566K, committed 7936K, reserved 1048576K
}
Event: 83.424 GC heap before
{Heap before GC invocations=17 (full 1):
 garbage-first heap   total 97280K, used 41489K [0x00000000c0000000, 0x0000000100000000)
  region size 1024K, 3 young (3072K), 0 survivors (0K)
 Metaspace       used 63730K, committed 64512K, reserved 1114112K
  class space    used 7566K, committed 7936K, reserved 1048576K
}
Event: 83.428 GC heap after
{Heap after GC invocations=18 (full 1):
 garbage-first heap   total 97280K, used 39942K [0x00000000c0000000, 0x0000000100000000)
  region size 1024K, 1 young (1024K), 1 survivors (1024K)
 Metaspace       used 63730K, committed 64512K, reserved 1114112K
  class space    used 7566K, committed 7936K, reserved 1048576K
}
Event: 83.431 GC heap before
{Heap before GC invocations=18 (full 1):
 garbage-first heap   total 97280K, used 43014K [0x00000000c0000000, 0x0000000100000000)
  region size 1024K, 2 young (2048K), 1 survivors (1024K)
 Metaspace       used 63730K, committed 64512K, reserved 1114112K
  class space    used 7566K, committed 7936K, reserved 1048576K
}
Event: 83.435 GC heap after
{Heap after GC invocations=19 (full 1):
 garbage-first heap   total 97280K, used 40846K [0x00000000c0000000, 0x0000000100000000)
  region size 1024K, 1 young (1024K), 1 survivors (1024K)
 Metaspace       used 63730K, committed 64512K, reserved 1114112K
  class space    used 7566K, committed 7936K, reserved 1048576K
}
Event: 83.624 GC heap before
{Heap before GC invocations=19 (full 1):
 garbage-first heap   total 97280K, used 55182K [0x00000000c0000000, 0x0000000100000000)
  region size 1024K, 14 young (14336K), 1 survivors (1024K)
 Metaspace       used 63730K, committed 64512K, reserved 1114112K
  class space    used 7566K, committed 7936K, reserved 1048576K
}
Event: 83.628 GC heap after
{Heap after GC invocations=20 (full 1):
 garbage-first heap   total 97280K, used 38870K [0x00000000c0000000, 0x0000000100000000)
  region size 1024K, 2 young (2048K), 2 survivors (2048K)
 Metaspace       used 63730K, committed 64512K, reserved 1114112K
  class space    used 7566K, committed 7936K, reserved 1048576K
}
Event: 209.957 GC heap before
{Heap before GC invocations=20 (full 1):
 garbage-first heap   total 97280K, used 83926K [0x00000000c0000000, 0x0000000100000000)
  region size 1024K, 44 young (45056K), 2 survivors (2048K)
 Metaspace       used 64178K, committed 64960K, reserved 1114112K
  class space    used 7636K, committed 8000K, reserved 1048576K
}
Event: 209.978 GC heap after
{Heap after GC invocations=21 (full 1):
 garbage-first heap   total 97280K, used 46417K [0x00000000c0000000, 0x0000000100000000)
  region size 1024K, 6 young (6144K), 6 survivors (6144K)
 Metaspace       used 64178K, committed 64960K, reserved 1114112K
  class space    used 7636K, committed 8000K, reserved 1048576K
}
Event: 210.092 GC heap before
{Heap before GC invocations=21 (full 1):
 garbage-first heap   total 97280K, used 48465K [0x00000000c0000000, 0x0000000100000000)
  region size 1024K, 7 young (7168K), 6 survivors (6144K)
 Metaspace       used 64178K, committed 64960K, reserved 1114112K
  class space    used 7636K, committed 8000K, reserved 1048576K
}
Event: 210.115 GC heap after
{Heap after GC invocations=22 (full 1):
 garbage-first heap   total 97280K, used 48055K [0x00000000c0000000, 0x0000000100000000)
  region size 1024K, 1 young (1024K), 1 survivors (1024K)
 Metaspace       used 64178K, committed 64960K, reserved 1114112K
  class space    used 7636K, committed 8000K, reserved 1048576K
}
Event: 247.446 GC heap before
{Heap before GC invocations=23 (full 1):
 garbage-first heap   total 104448K, used 87991K [0x00000000c0000000, 0x0000000100000000)
  region size 1024K, 35 young (35840K), 1 survivors (1024K)
 Metaspace       used 64267K, committed 65152K, reserved 1114112K
  class space    used 7618K, committed 8000K, reserved 1048576K
}

