# JRE version: OpenJDK Runtime Environment Temurin-21.0.3+9 (21.0.3+9) (build 21.0.3+9-LTS)
# Java VM: OpenJDK 64-Bit Server VM Temurin-21.0.3+9 (21.0.3+9-LTS, mixed mode, emulated-client, tiered, compressed oops, compressed class ptrs, g1 gc, windows-amd64)
GC Precious Log:
 CardTable entry size: 512
 Card Set container configuration: InlinePtr #cards 5 size 8 Array Of Cards #cards 12 size 40 Howl #buckets 4 coarsen threshold 1843 Howl Bitmap #cards 512 size 80 coarsen threshold 460 Card regions per heap region 1 cards per card region 2048
 CPUs: 4 total, 4 available
 Memory: 12128M
 Large Page Support: Disabled
 NUMA Support: Disabled
 Compressed Oops: Enabled (32-bit)
 Heap Region Size: 1M
 Heap Min Capacity: 8M
 Heap Initial Capacity: 190M
 Heap Max Capacity: 1G
 Pre-touch: Disabled
 Parallel Workers: 4
 Concurrent Workers: 1
 Concurrent Refinement Workers: 4
 Periodic GC: Disabled
Heap:
 garbage-first heap   total 71680K, used 59208K [0x00000000c0000000, 0x0000000100000000)
  region size 1024K, 43 young (44032K), 5 survivors (5120K)
 Metaspace       used 30075K, committed 30336K, reserved 1114112K
  class space    used 3461K, committed 3584K, reserved 1048576K
GC Heap History (9 events):
Event: 2.018 GC heap before
{Heap before GC invocations=0 (full 0):
 garbage-first heap   total 194560K, used 16384K [0x00000000c0000000, 0x0000000100000000)
  region size 1024K, 13 young (13312K), 0 survivors (0K)
 Metaspace       used 5490K, committed 5568K, reserved 1114112K
  class space    used 454K, committed 512K, reserved 1048576K
}
Event: 2.081 GC heap after
{Heap after GC invocations=1 (full 0):
 garbage-first heap   total 194560K, used 12155K [0x00000000c0000000, 0x0000000100000000)
  region size 1024K, 2 young (2048K), 2 survivors (2048K)
 Metaspace       used 5490K, committed 5568K, reserved 1114112K
  class space    used 454K, committed 512K, reserved 1048576K
}
Event: 3.654 GC heap before
{Heap before GC invocations=1 (full 0):
 garbage-first heap   total 194560K, used 22395K [0x00000000c0000000, 0x0000000100000000)
  region size 1024K, 11 young (11264K), 2 survivors (2048K)
 Metaspace       used 9305K, committed 9472K, reserved 1114112K
  class space    used 866K, committed 960K, reserved 1048576K
}
Event: 3.658 GC heap after
{Heap after GC invocations=2 (full 0):
 garbage-first heap   total 194560K, used 16331K [0x00000000c0000000, 0x0000000100000000)
  region size 1024K, 2 young (2048K), 2 survivors (2048K)
 Metaspace       used 9305K, committed 9472K, reserved 1114112K
  class space    used 866K, committed 960K, reserved 1048576K
}
Event: 4.361 GC heap before
{Heap before GC invocations=2 (full 0):
 garbage-first heap   total 194560K, used 35787K [0x00000000c0000000, 0x0000000100000000)
  region size 1024K, 21 young (21504K), 2 survivors (2048K)
 Metaspace       used 14892K, committed 15104K, reserved 1114112K
  class space    used 1643K, committed 1728K, reserved 1048576K
}
Event: 4.366 GC heap after
{Heap after GC invocations=3 (full 0):
 garbage-first heap   total 194560K, used 17840K [0x00000000c0000000, 0x0000000100000000)
  region size 1024K, 2 young (2048K), 2 survivors (2048K)
 Metaspace       used 14892K, committed 15104K, reserved 1114112K
  class space    used 1643K, committed 1728K, reserved 1048576K
}
Event: 5.714 GC heap before
{Heap before GC invocations=3 (full 0):
 garbage-first heap   total 194560K, used 44464K [0x00000000c0000000, 0x0000000100000000)
  region size 1024K, 30 young (30720K), 2 survivors (2048K)
 Metaspace       used 21235K, committed 21504K, reserved 1114112K
  class space    used 2396K, committed 2560K, reserved 1048576K
}
Event: 5.728 GC heap after
{Heap after GC invocations=4 (full 0):
 garbage-first heap   total 194560K, used 20296K [0x00000000c0000000, 0x0000000100000000)
  region size 1024K, 4 young (4096K), 4 survivors (4096K)
 Metaspace       used 21235K, committed 21504K, reserved 1114112K
  class space    used 2396K, committed 2560K, reserved 1048576K
}
Event: 7.342 GC heap before
{Heap before GC invocations=5 (full 0):
 garbage-first heap   total 71680K, used 59208K [0x00000000c0000000, 0x0000000100000000)
  region size 1024K, 42 young (43008K), 4 survivors (4096K)
 Metaspace       used 30075K, committed 30336K, reserved 1114112K
  class space    used 3461K, committed 3584K, reserved 1048576K
}

