# JRE version: OpenJDK Runtime Environment Temurin-21.0.3+9 (21.0.3+9) (build 21.0.3+9-LTS)
# Java VM: OpenJDK 64-Bit Server VM Temurin-21.0.3+9 (21.0.3+9-LTS, mixed mode, emulated-client, tiered, compressed oops, compressed class ptrs, g1 gc, windows-amd64)
GC Precious Log:
 CardTable entry size: 512
 Card Set container configuration: InlinePtr #cards 5 size 8 Array Of Cards #cards 12 size 40 Howl #buckets 4 coarsen threshold 1843 Howl Bitmap #cards 512 size 80 coarsen threshold 460 Card regions per heap region 1 cards per card region 2048
 CPUs: 4 total, 4 available
 Memory: 12128M
 Large Page Support: Disabled
 NUMA Support: Disabled
 Compressed Oops: Enabled (32-bit)
 Heap Region Size: 1M
 Heap Min Capacity: 8M
 Heap Initial Capacity: 190M
 Heap Max Capacity: 1G
 Pre-touch: Disabled
 Parallel Workers: 4
 Concurrent Workers: 1
 Concurrent Refinement Workers: 4
 Periodic GC: Disabled
Heap:
 garbage-first heap   total 98304K, used 56868K [0x00000000c0000000, 0x0000000100000000)
  region size 1024K, 11 young (11264K), 5 survivors (5120K)
 Metaspace       used 64276K, committed 65088K, reserved 1114112K
  class space    used 7640K, committed 8000K, reserved 1048576K
GC Heap History (20 events):
Event: 3.846 GC heap after
{Heap after GC invocations=4 (full 0):
 garbage-first heap   total 194560K, used 20042K [0x00000000c0000000, 0x0000000100000000)
  region size 1024K, 4 young (4096K), 4 survivors (4096K)
 Metaspace       used 21233K, committed 21504K, reserved 1114112K
  class space    used 2391K, committed 2560K, reserved 1048576K
}
Event: 4.771 GC heap before
{Heap before GC invocations=5 (full 0):
 garbage-first heap   total 75776K, used 61002K [0x00000000c0000000, 0x0000000100000000)
  region size 1024K, 44 young (45056K), 4 survivors (4096K)
 Metaspace       used 30348K, committed 30592K, reserved 1114112K
  class space    used 3503K, committed 3584K, reserved 1048576K
}
Event: 4.792 GC heap after
{Heap after GC invocations=6 (full 0):
 garbage-first heap   total 75776K, used 23557K [0x00000000c0000000, 0x0000000100000000)
  region size 1024K, 6 young (6144K), 6 survivors (6144K)
 Metaspace       used 30348K, committed 30592K, reserved 1114112K
  class space    used 3503K, committed 3584K, reserved 1048576K
}
Event: 5.929 GC heap before
{Heap before GC invocations=6 (full 0):
 garbage-first heap   total 75776K, used 57349K [0x00000000c0000000, 0x0000000100000000)
  region size 1024K, 39 young (39936K), 6 survivors (6144K)
 Metaspace       used 35180K, committed 35648K, reserved 1114112K
  class space    used 4146K, committed 4352K, reserved 1048576K
}
Event: 5.956 GC heap after
{Heap after GC invocations=7 (full 0):
 garbage-first heap   total 75776K, used 25967K [0x00000000c0000000, 0x0000000100000000)
  region size 1024K, 3 young (3072K), 3 survivors (3072K)
 Metaspace       used 35180K, committed 35648K, reserved 1114112K
  class space    used 4146K, committed 4352K, reserved 1048576K
}
Event: 6.114 GC heap before
{Heap before GC invocations=7 (full 0):
 garbage-first heap   total 75776K, used 34159K [0x00000000c0000000, 0x0000000100000000)
  region size 1024K, 12 young (12288K), 3 survivors (3072K)
 Metaspace       used 35722K, committed 36160K, reserved 1114112K
  class space    used 4230K, committed 4416K, reserved 1048576K
}
Event: 6.124 GC heap after
{Heap after GC invocations=8 (full 0):
 garbage-first heap   total 75776K, used 27038K [0x00000000c0000000, 0x0000000100000000)
  region size 1024K, 4 young (4096K), 4 survivors (4096K)
 Metaspace       used 35722K, committed 36160K, reserved 1114112K
  class space    used 4230K, committed 4416K, reserved 1048576K
}
Event: 7.619 GC heap before
{Heap before GC invocations=9 (full 0):
 garbage-first heap   total 75776K, used 61854K [0x00000000c0000000, 0x0000000100000000)
  region size 1024K, 38 young (38912K), 4 survivors (4096K)
 Metaspace       used 41638K, committed 42304K, reserved 1114112K
  class space    used 5125K, committed 5440K, reserved 1048576K
}
Event: 7.649 GC heap after
{Heap after GC invocations=10 (full 0):
 garbage-first heap   total 75776K, used 30366K [0x00000000c0000000, 0x0000000100000000)
  region size 1024K, 5 young (5120K), 5 survivors (5120K)
 Metaspace       used 41638K, committed 42304K, reserved 1114112K
  class space    used 5125K, committed 5440K, reserved 1048576K
}
Event: 9.248 GC heap before
{Heap before GC invocations=10 (full 0):
 garbage-first heap   total 75776K, used 64158K [0x00000000c0000000, 0x0000000100000000)
  region size 1024K, 38 young (38912K), 5 survivors (5120K)
 Metaspace       used 47534K, committed 48192K, reserved 1114112K
  class space    used 5729K, committed 6016K, reserved 1048576K
}
Event: 9.267 GC heap after
{Heap after GC invocations=11 (full 0):
 garbage-first heap   total 91136K, used 32766K [0x00000000c0000000, 0x0000000100000000)
  region size 1024K, 3 young (3072K), 3 survivors (3072K)
 Metaspace       used 47534K, committed 48192K, reserved 1114112K
  class space    used 5729K, committed 6016K, reserved 1048576K
}
Event: 9.846 GC heap before
{Heap before GC invocations=11 (full 0):
 garbage-first heap   total 91136K, used 87038K [0x00000000c0000000, 0x0000000100000000)
  region size 1024K, 47 young (48128K), 3 survivors (3072K)
 Metaspace       used 50716K, committed 51520K, reserved 1114112K
  class space    used 6088K, committed 6464K, reserved 1048576K
}
Event: 9.861 GC heap after
{Heap after GC invocations=12 (full 0):
 garbage-first heap   total 96256K, used 37888K [0x00000000c0000000, 0x0000000100000000)
  region size 1024K, 6 young (6144K), 6 survivors (6144K)
 Metaspace       used 50716K, committed 51520K, reserved 1114112K
  class space    used 6088K, committed 6464K, reserved 1048576K
}
Event: 10.784 GC heap before
{Heap before GC invocations=12 (full 0):
 garbage-first heap   total 96256K, used 82944K [0x00000000c0000000, 0x0000000100000000)
  region size 1024K, 49 young (50176K), 6 survivors (6144K)
 Metaspace       used 55792K, committed 56448K, reserved 1114112K
  class space    used 6603K, committed 6912K, reserved 1048576K
}
Event: 10.809 GC heap after
{Heap after GC invocations=13 (full 0):
 garbage-first heap   total 98304K, used 46087K [0x00000000c0000000, 0x0000000100000000)
  region size 1024K, 7 young (7168K), 7 survivors (7168K)
 Metaspace       used 55792K, committed 56448K, reserved 1114112K
  class space    used 6603K, committed 6912K, reserved 1048576K
}
Event: 11.929 GC heap before
{Heap before GC invocations=13 (full 0):
 garbage-first heap   total 98304K, used 71687K [0x00000000c0000000, 0x0000000100000000)
  region size 1024K, 34 young (34816K), 7 survivors (7168K)
 Metaspace       used 59992K, committed 60736K, reserved 1114112K
  class space    used 7069K, committed 7424K, reserved 1048576K
}
Event: 11.945 GC heap after
{Heap after GC invocations=14 (full 0):
 garbage-first heap   total 98304K, used 48836K [0x00000000c0000000, 0x0000000100000000)
  region size 1024K, 3 young (3072K), 3 survivors (3072K)
 Metaspace       used 59992K, committed 60736K, reserved 1114112K
  class space    used 7069K, committed 7424K, reserved 1048576K
}
Event: 60.583 GC heap before
{Heap before GC invocations=15 (full 0):
 garbage-first heap   total 98304K, used 84676K [0x00000000c0000000, 0x0000000100000000)
  region size 1024K, 39 young (39936K), 3 survivors (3072K)
 Metaspace       used 63971K, committed 64768K, reserved 1114112K
  class space    used 7592K, committed 7936K, reserved 1048576K
}
Event: 60.601 GC heap after
{Heap after GC invocations=16 (full 0):
 garbage-first heap   total 98304K, used 51200K [0x00000000c0000000, 0x0000000100000000)
  region size 1024K, 5 young (5120K), 5 survivors (5120K)
 Metaspace       used 63971K, committed 64768K, reserved 1114112K
  class space    used 7592K, committed 7936K, reserved 1048576K
}
Event: 150.890 GC heap before
{Heap before GC invocations=16 (full 0):
 garbage-first heap   total 98304K, used 55296K [0x00000000c0000000, 0x0000000100000000)
  region size 1024K, 11 young (11264K), 5 survivors (5120K)
 Metaspace       used 64276K, committed 65088K, reserved 1114112K
  class space    used 7640K, committed 8000K, reserved 1048576K
}

