# JRE version: OpenJDK Runtime Environment Temurin-21.0.3+9 (21.0.3+9) (build 21.0.3+9-LTS)
# Java VM: OpenJDK 64-Bit Server VM Temurin-21.0.3+9 (21.0.3+9-LTS, mixed mode, emulated-client, tiered, compressed oops, compressed class ptrs, g1 gc, windows-amd64)
GC Precious Log:
 CardTable entry size: 512
 Card Set container configuration: InlinePtr #cards 5 size 8 Array Of Cards #cards 12 size 40 Howl #buckets 4 coarsen threshold 1843 Howl Bitmap #cards 512 size 80 coarsen threshold 460 Card regions per heap region 1 cards per card region 2048
 CPUs: 4 total, 4 available
 Memory: 12128M
 Large Page Support: Disabled
 NUMA Support: Disabled
 Compressed Oops: Enabled (32-bit)
 Heap Region Size: 1M
 Heap Min Capacity: 8M
 Heap Initial Capacity: 190M
 Heap Max Capacity: 1G
 Pre-touch: Disabled
 Parallel Workers: 4
 Concurrent Workers: 1
 Concurrent Refinement Workers: 4
 Periodic GC: Disabled
Heap:
 garbage-first heap   total 76800K, used 65097K [0x00000000c0000000, 0x0000000100000000)
  region size 1024K, 11 young (11264K), 1 survivors (1024K)
 Metaspace       used 61521K, committed 62272K, reserved 1114112K
  class space    used 7298K, committed 7616K, reserved 1048576K
GC Heap History (20 events):
Event: 14.449 GC heap before
{Heap before GC invocations=5 (full 0):
 garbage-first heap   total 75776K, used 60013K [0x00000000c0000000, 0x0000000100000000)
  region size 1024K, 44 young (45056K), 4 survivors (4096K)
 Metaspace       used 30432K, committed 30720K, reserved 1114112K
  class space    used 3511K, committed 3648K, reserved 1048576K
}
Event: 14.472 GC heap after
{Heap after GC invocations=6 (full 0):
 garbage-first heap   total 75776K, used 23371K [0x00000000c0000000, 0x0000000100000000)
  region size 1024K, 6 young (6144K), 6 survivors (6144K)
 Metaspace       used 30432K, committed 30720K, reserved 1114112K
  class space    used 3511K, committed 3648K, reserved 1048576K
}
Event: 17.102 GC heap before
{Heap before GC invocations=6 (full 0):
 garbage-first heap   total 75776K, used 57163K [0x00000000c0000000, 0x0000000100000000)
  region size 1024K, 39 young (39936K), 6 survivors (6144K)
 Metaspace       used 35295K, committed 35776K, reserved 1114112K
  class space    used 4164K, committed 4352K, reserved 1048576K
}
Event: 17.135 GC heap after
{Heap after GC invocations=7 (full 0):
 garbage-first heap   total 75776K, used 26321K [0x00000000c0000000, 0x0000000100000000)
  region size 1024K, 3 young (3072K), 3 survivors (3072K)
 Metaspace       used 35295K, committed 35776K, reserved 1114112K
  class space    used 4164K, committed 4352K, reserved 1048576K
}
Event: 17.262 GC heap before
{Heap before GC invocations=7 (full 0):
 garbage-first heap   total 75776K, used 33489K [0x00000000c0000000, 0x0000000100000000)
  region size 1024K, 11 young (11264K), 3 survivors (3072K)
 Metaspace       used 35522K, committed 35968K, reserved 1114112K
  class space    used 4204K, committed 4416K, reserved 1048576K
}
Event: 17.273 GC heap after
{Heap after GC invocations=8 (full 0):
 garbage-first heap   total 75776K, used 27308K [0x00000000c0000000, 0x0000000100000000)
  region size 1024K, 4 young (4096K), 4 survivors (4096K)
 Metaspace       used 35522K, committed 35968K, reserved 1114112K
  class space    used 4204K, committed 4416K, reserved 1048576K
}
Event: 18.789 GC heap before
{Heap before GC invocations=9 (full 0):
 garbage-first heap   total 75776K, used 61100K [0x00000000c0000000, 0x0000000100000000)
  region size 1024K, 37 young (37888K), 4 survivors (4096K)
 Metaspace       used 41366K, committed 41984K, reserved 1114112K
  class space    used 5081K, committed 5376K, reserved 1048576K
}
Event: 18.807 GC heap after
{Heap after GC invocations=10 (full 0):
 garbage-first heap   total 75776K, used 30701K [0x00000000c0000000, 0x0000000100000000)
  region size 1024K, 5 young (5120K), 5 survivors (5120K)
 Metaspace       used 41366K, committed 41984K, reserved 1114112K
  class space    used 5081K, committed 5376K, reserved 1048576K
}
Event: 23.224 GC heap before
{Heap before GC invocations=10 (full 0):
 garbage-first heap   total 75776K, used 63469K [0x00000000c0000000, 0x0000000100000000)
  region size 1024K, 37 young (37888K), 5 survivors (5120K)
 Metaspace       used 46796K, committed 47424K, reserved 1114112K
  class space    used 5734K, committed 6016K, reserved 1048576K
}
Event: 23.250 GC heap after
{Heap after GC invocations=11 (full 0):
 garbage-first heap   total 75776K, used 33535K [0x00000000c0000000, 0x0000000100000000)
  region size 1024K, 4 young (4096K), 4 survivors (4096K)
 Metaspace       used 46796K, committed 47424K, reserved 1114112K
  class space    used 5734K, committed 6016K, reserved 1048576K
}
Event: 24.062 GC heap before
{Heap before GC invocations=11 (full 0):
 garbage-first heap   total 75776K, used 62207K [0x00000000c0000000, 0x0000000100000000)
  region size 1024K, 33 young (33792K), 4 survivors (4096K)
 Metaspace       used 50898K, committed 51584K, reserved 1114112K
  class space    used 6148K, committed 6464K, reserved 1048576K
}
Event: 24.080 GC heap after
{Heap after GC invocations=12 (full 0):
 garbage-first heap   total 75776K, used 37125K [0x00000000c0000000, 0x0000000100000000)
  region size 1024K, 4 young (4096K), 4 survivors (4096K)
 Metaspace       used 50898K, committed 51584K, reserved 1114112K
  class space    used 6148K, committed 6464K, reserved 1048576K
}
Event: 24.417 GC heap before
{Heap before GC invocations=12 (full 0):
 garbage-first heap   total 75776K, used 48389K [0x00000000c0000000, 0x0000000100000000)
  region size 1024K, 17 young (17408K), 4 survivors (4096K)
 Metaspace       used 51969K, committed 52672K, reserved 1114112K
  class space    used 6276K, committed 6592K, reserved 1048576K
}
Event: 24.427 GC heap after
{Heap after GC invocations=13 (full 0):
 garbage-first heap   total 75776K, used 41792K [0x00000000c0000000, 0x0000000100000000)
  region size 1024K, 4 young (4096K), 4 survivors (4096K)
 Metaspace       used 51969K, committed 52672K, reserved 1114112K
  class space    used 6276K, committed 6592K, reserved 1048576K
}
Event: 25.214 GC heap before
{Heap before GC invocations=14 (full 0):
 garbage-first heap   total 76800K, used 64320K [0x00000000c0000000, 0x0000000100000000)
  region size 1024K, 26 young (26624K), 4 survivors (4096K)
 Metaspace       used 55775K, committed 56512K, reserved 1114112K
  class space    used 6641K, committed 6976K, reserved 1048576K
}
Event: 25.221 GC heap after
{Heap after GC invocations=15 (full 0):
 garbage-first heap   total 76800K, used 45413K [0x00000000c0000000, 0x0000000100000000)
  region size 1024K, 3 young (3072K), 3 survivors (3072K)
 Metaspace       used 55775K, committed 56512K, reserved 1114112K
  class space    used 6641K, committed 6976K, reserved 1048576K
}
Event: 25.834 GC heap before
{Heap before GC invocations=15 (full 0):
 garbage-first heap   total 76800K, used 64869K [0x00000000c0000000, 0x0000000100000000)
  region size 1024K, 23 young (23552K), 3 survivors (3072K)
 Metaspace       used 59607K, committed 60352K, reserved 1114112K
  class space    used 7078K, committed 7424K, reserved 1048576K
}
Event: 25.841 GC heap after
{Heap after GC invocations=16 (full 0):
 garbage-first heap   total 76800K, used 46666K [0x00000000c0000000, 0x0000000100000000)
  region size 1024K, 2 young (2048K), 2 survivors (2048K)
 Metaspace       used 59607K, committed 60352K, reserved 1114112K
  class space    used 7078K, committed 7424K, reserved 1048576K
}
Event: 26.884 GC heap before
{Heap before GC invocations=16 (full 0):
 garbage-first heap   total 76800K, used 54858K [0x00000000c0000000, 0x0000000100000000)
  region size 1024K, 12 young (12288K), 2 survivors (2048K)
 Metaspace       used 60811K, committed 61504K, reserved 1114112K
  class space    used 7213K, committed 7552K, reserved 1048576K
}
Event: 26.892 GC heap after
{Heap after GC invocations=17 (full 0):
 garbage-first heap   total 76800K, used 47689K [0x00000000c0000000, 0x0000000100000000)
  region size 1024K, 1 young (1024K), 1 survivors (1024K)
 Metaspace       used 60811K, committed 61504K, reserved 1114112K
  class space    used 7213K, committed 7552K, reserved 1048576K
}

