# JRE version: OpenJDK Runtime Environment Temurin-21.0.3+9 (21.0.3+9) (build 21.0.3+9-LTS)
# Java VM: OpenJDK 64-Bit Server VM Temurin-21.0.3+9 (21.0.3+9-LTS, mixed mode, tiered, compressed oops, compressed class ptrs, g1 gc, windows-amd64)
GC Precious Log:
 CardTable entry size: 512
 Card Set container configuration: InlinePtr #cards 4 size 8 Array Of Cards #cards 16 size 48 Howl #buckets 8 coarsen threshold 3686 Howl Bitmap #cards 512 size 80 coarsen threshold 460 Card regions per heap region 1 cards per card region 4096
 CPUs: 4 total, 4 available
 Memory: 12128M
 Large Page Support: Disabled
 NUMA Support: Disabled
 Compressed Oops: Enabled (Zero based)
 Heap Region Size: 2M
 Heap Min Capacity: 8M
 Heap Initial Capacity: 190M
 Heap Max Capacity: 3034M
 Pre-touch: Disabled
 Parallel Workers: 4
 Concurrent Workers: 1
 Concurrent Refinement Workers: 4
 Periodic GC: Disabled
Heap:
 garbage-first heap   total 40960K, used 30126K [0x0000000742600000, 0x0000000800000000)
  region size 2048K, 11 young (22528K), 2 survivors (4096K)
 Metaspace       used 32484K, committed 32896K, reserved 1114112K
  class space    used 3641K, committed 3776K, reserved 1048576K
GC Heap History (11 events):
Event: 1.205 GC heap before
{Heap before GC invocations=0 (full 0):
 garbage-first heap   total 194560K, used 10240K [0x0000000742600000, 0x0000000800000000)
  region size 2048K, 6 young (12288K), 0 survivors (0K)
 Metaspace       used 10579K, committed 10688K, reserved 1114112K
  class space    used 900K, committed 960K, reserved 1048576K
}
Event: 1.213 GC heap after
{Heap after GC invocations=1 (full 0):
 garbage-first heap   total 194560K, used 5090K [0x0000000742600000, 0x0000000800000000)
  region size 2048K, 1 young (2048K), 1 survivors (2048K)
 Metaspace       used 10579K, committed 10688K, reserved 1114112K
  class space    used 900K, committed 960K, reserved 1048576K
}
Event: 1.776 GC heap before
{Heap before GC invocations=1 (full 0):
 garbage-first heap   total 194560K, used 13282K [0x0000000742600000, 0x0000000800000000)
  region size 2048K, 5 young (10240K), 1 survivors (2048K)
 Metaspace       used 14058K, committed 14336K, reserved 1114112K
  class space    used 1344K, committed 1472K, reserved 1048576K
}
Event: 1.781 GC heap after
{Heap after GC invocations=2 (full 0):
 garbage-first heap   total 194560K, used 6033K [0x0000000742600000, 0x0000000800000000)
  region size 2048K, 1 young (2048K), 1 survivors (2048K)
 Metaspace       used 14058K, committed 14336K, reserved 1114112K
  class space    used 1344K, committed 1472K, reserved 1048576K
}
Event: 2.953 GC heap before
{Heap before GC invocations=2 (full 0):
 garbage-first heap   total 194560K, used 24465K [0x0000000742600000, 0x0000000800000000)
  region size 2048K, 12 young (24576K), 1 survivors (2048K)
 Metaspace       used 21211K, committed 21504K, reserved 1114112K
  class space    used 2230K, committed 2368K, reserved 1048576K
}
Event: 2.963 GC heap after
{Heap after GC invocations=3 (full 0):
 garbage-first heap   total 194560K, used 7536K [0x0000000742600000, 0x0000000800000000)
  region size 2048K, 2 young (4096K), 2 survivors (4096K)
 Metaspace       used 21211K, committed 21504K, reserved 1114112K
  class space    used 2230K, committed 2368K, reserved 1048576K
}
Event: 3.757 GC heap before
{Heap before GC invocations=4 (full 0):
 garbage-first heap   total 40960K, used 25968K [0x0000000742600000, 0x0000000800000000)
  region size 2048K, 12 young (24576K), 2 survivors (4096K)
 Metaspace       used 26822K, committed 27136K, reserved 1114112K
  class space    used 2933K, committed 3072K, reserved 1048576K
}
Event: 3.768 GC heap after
{Heap after GC invocations=5 (full 0):
 garbage-first heap   total 40960K, used 9278K [0x0000000742600000, 0x0000000800000000)
  region size 2048K, 2 young (4096K), 2 survivors (4096K)
 Metaspace       used 26822K, committed 27136K, reserved 1114112K
  class space    used 2933K, committed 3072K, reserved 1048576K
}
Event: 5.145 GC heap before
{Heap before GC invocations=5 (full 0):
 garbage-first heap   total 40960K, used 25662K [0x0000000742600000, 0x0000000800000000)
  region size 2048K, 10 young (20480K), 2 survivors (4096K)
 Metaspace       used 29109K, committed 29440K, reserved 1114112K
  class space    used 3195K, committed 3328K, reserved 1048576K
}
Event: 5.161 GC heap after
{Heap after GC invocations=6 (full 0):
 garbage-first heap   total 40960K, used 11738K [0x0000000742600000, 0x0000000800000000)
  region size 2048K, 2 young (4096K), 2 survivors (4096K)
 Metaspace       used 29109K, committed 29440K, reserved 1114112K
  class space    used 3195K, committed 3328K, reserved 1048576K
}
Event: 6.546 GC heap before
{Heap before GC invocations=6 (full 0):
 garbage-first heap   total 40960K, used 28122K [0x0000000742600000, 0x0000000800000000)
  region size 2048K, 11 young (22528K), 2 survivors (4096K)
 Metaspace       used 32484K, committed 32896K, reserved 1114112K
  class space    used 3641K, committed 3776K, reserved 1048576K
}

